2025-11-23 16:24:17 [32minfo[39m: [32mSocket.io initialized[39m
2025-11-23 16:24:17 [32minfo[39m: [32m[WEEKLY JOB] Scheduling weekly summary job to start in 516 minute(s) (day=1 hour=1:0)[39m
2025-11-23 16:24:17 [32minfo[39m: [32mNotification delivery job started (interval sec=5)[39m
2025-11-23 16:24:17 [32minfo[39m: [32m Serveur démarré sur le port 5000[39m
2025-11-23 16:24:17 [32minfo[39m: [32m Environnement: development[39m
2025-11-23 16:24:17 [32minfo[39m: [32m URL: http://localhost:5000[39m
2025-11-23 16:24:17 [32minfo[39m: [32m Health check: http://localhost:5000/api/v1/health[39m
2025-11-23 16:24:17 [32minfo[39m: [32m MongoDB connecté: localhost[39m
2025-11-23 16:24:22 [32minfo[39m: [32m[INACTIVITY JOB] Looking for users with lastLogin before 2025-11-16T15:24:22.115Z[39m
2025-11-23 16:24:22 [32minfo[39m: [32m[INACTIVITY JOB] Found 1 inactive users[39m
2025-11-23 16:24:22 [32minfo[39m: [32m[NOTIF] Created inactivity for user 690f22d36e0170e1ba0fca47[39m
2025-11-23 16:24:22 [32minfo[39m: [32m[INACTIVITY JOB] Sent 1 inactivity notifications[39m
2025-11-23 16:24:58 [32minfo[39m: [32mConnexion réussie: lina@gmail.com[39m
2025-11-23 16:36:47 [32minfo[39m: [32mConnexion réussie: lina@gmail.com[39m
2025-11-23 16:47:06 [31merror[39m: [31mToken expiré[39m
2025-11-23 16:47:06 [31merror[39m: [31mToken expiré[39m
2025-11-23 17:12:37 [31merror[39m: [31mToken expiré[39m
2025-11-23 17:12:37 [31merror[39m: [31mToken expiré[39m
2025-11-23 17:16:38 [31merror[39m: [31mAccès refusé. Token manquant[39m
2025-11-23 17:23:24 [31merror[39m: [31mToken expiré[39m
