2025-11-10 08:23:15 [31merror[39m: [31mApiError.badGateway is not a function[39m
2025-11-10 08:24:00 [31merror[39m: [31mApiError.badGateway is not a function[39m
2025-11-10 08:44:32 [31merror[39m: [31mRoute non trouvée: /api/v1/voice[39m
2025-11-10 08:45:15 [31merror[39m: [31mToken expiré[39m
2025-11-10 08:50:51 [31merror[39m: [31mRoute non trouvée: /api/v1/chat/voice/[39m
2025-11-10 08:50:55 [31merror[39m: [31mFichier audio requis[39m
2025-11-10 08:51:14 [31merror[39m: [31mApiError.badGateway is not a function[39m
2025-11-10 08:55:23 [31merror[39m: [31mRequest failed with status code 500[39m
2025-11-10 08:59:44 [31merror[39m: [31mRequest failed with status code 400[39m
2025-11-10 09:00:02 [31merror[39m: [31mRequest failed with status code 400[39m
2025-11-10 09:03:59 [31merror[39m: [31mToken expiré[39m
2025-11-10 09:04:56 [31merror[39m: [31mFichier audio requis[39m
2025-11-10 09:05:03 [31merror[39m: [31mRequest failed with status code 400[39m
2025-11-10 09:26:04 [31merror[39m: [31mToken expiré[39m
2025-11-10 09:27:56 [31merror[39m: [31mFichier audio requis[39m
2025-11-10 09:28:09 [31merror[39m: [31mRequest failed with status code 400[39m
2025-11-10 09:50:24 [31merror[39m: [31mToken expiré[39m
2025-11-10 09:50:39 [31merror[39m: [31mFichier audio requis[39m
2025-11-10 09:50:51 [31merror[39m: [31mRequest failed with status code 400[39m
2025-11-10 10:31:28 [31merror[39m: [31mToken expiré[39m
2025-11-10 10:31:47 [31merror[39m: [31mFichier audio requis[39m
2025-11-10 10:31:57 [31merror[39m: [31mRequest failed with status code 400[39m
2025-11-10 10:35:02 [31merror[39m: [31mField name missing[39m
2025-11-10 10:35:21 [31merror[39m: [31mField name missing[39m
2025-11-10 10:52:14 [31merror[39m: [31mToken expiré[39m
2025-11-10 10:52:58 [31merror[39m: [31mApiError.badGateway is not a function[39m
2025-11-10 10:53:23 [31merror[39m: [31mApiError.badGateway is not a function[39m
2025-11-10 10:54:09 [31merror[39m: [31mApiError.badGateway is not a function[39m
2025-11-10 10:55:02 [31merror[39m: [31mApiError.badGateway is not a function[39m
2025-11-10 10:55:38 [31merror[39m: [31mApiError.badGateway is not a function[39m
2025-11-10 10:58:53 [31merror[39m: [31mApiError.badGateway is not a function[39m
2025-11-10 10:59:28 [31merror[39m: [31mApiError.badGateway is not a function[39m
2025-11-10 11:00:10 [31merror[39m: [31mApiError.badGateway is not a function[39m
2025-11-10 11:02:35 [31merror[39m: [31mApiError.badGateway is not a function[39m
2025-11-10 11:07:58 [31merror[39m: [31mToken expiré[39m
2025-11-10 11:08:21 [31merror[39m: [31mFichier audio requis[39m
2025-11-10 11:08:35 [31merror[39m: [31mLimite journalière atteinte (2/2). Passez à Premium pour 10 sessions/jour ![39m
2025-11-10 11:09:56 [31merror[39m: [31mLe mot de passe doit contenir au moins 6 caractères, Le mot de passe doit contenir au moins une majuscule, une minuscule et un chiffre[39m
2025-11-10 11:11:05 [31merror[39m: [31mField name missing[39m
2025-11-10 11:13:42 [31merror[39m: [31mLimite journalière atteinte (2/2). Passez à Premium pour 10 sessions/jour ![39m
2025-11-10 11:19:59 [31merror[39m: [31mLimite journaliere atteinte (2/2). Passez a Premium pour 10 sessions/jour ![39m
2025-11-10 11:20:40 [31merror[39m: [31mLimite journaliere atteinte (2/2). Passez a Premium pour 10 sessions/jour ![39m
2025-11-10 11:20:45 [31merror[39m: [31mLimite journaliere atteinte (2/2). Passez a Premium pour 10 sessions/jour ![39m
2025-11-10 11:20:48 [31merror[39m: [31mRoute non trouvée: /api/v1/chat/voic[39m
2025-11-10 11:20:53 [31merror[39m: [31mLimite journaliere atteinte (2/2). Passez a Premium pour 10 sessions/jour ![39m
2025-11-10 11:21:31 [31merror[39m: [31mLimite journaliere atteinte (2/2). Passez a Premium pour 10 sessions/jour ![39m
2025-11-10 11:22:52 [31merror[39m: [31mSession invalide ou non autorisée[39m
2025-11-10 11:27:19 [31merror[39m: [31mLe plan est requis, Plan invalide. Choix: monthly, quarterly, yearly[39m
2025-11-10 11:27:34 [31merror[39m: [31mLe plan est requis, Plan invalide. Choix: monthly, quarterly, yearly[39m
2025-11-10 11:28:18 [31merror[39m: [31mLe plan est requis, Plan invalide. Choix: monthly, quarterly, yearly[39m
2025-11-10 11:43:33 [31merror[39m: [31mLimite journaliere atteinte (2/2). Passez a Premium pour 10 sessions/jour ![39m
2025-11-10 11:44:46 [31merror[39m: [31mEmail ou mot de passe incorrect[39m
2025-11-10 12:36:24 [31merror[39m: [31mRoute non trouvee: /inscription[39m
2025-11-10 12:36:34 [31merror[39m: [31mRoute non trouvee: /inscription[39m
2025-11-13 14:40:29 [31merror[39m: [31mError[39m
2025-11-13 14:54:21 [31merror[39m: [31mCannot read properties of undefined (reading 'sessionId')[39m
2025-11-13 14:54:38 [31merror[39m: [31mCannot read properties of undefined (reading 'sessionId')[39m
2025-11-13 14:55:07 [31merror[39m: [31mErreur de validation[39m
2025-11-13 14:55:40 [31merror[39m: [31mErreur de validation[39m
2025-11-13 14:57:04 [31merror[39m: [31mErreur de validation[39m
2025-11-13 14:58:18 [31merror[39m: [31mCannot read properties of undefined (reading 'sessionId')[39m
2025-11-13 14:58:22 [31merror[39m: [31mSession invalide ou non autorisée[39m
2025-11-13 14:58:30 [31merror[39m: [31mErreur de validation[39m
2025-11-13 15:00:09 [31merror[39m: [31mRoute non trouvee: /api/voice/end-session[39m
2025-11-13 15:00:15 [31merror[39m: [31mSession invalide ou non autorisée[39m
2025-11-13 15:00:37 [31merror[39m: [31mSession invalide ou non autorisée[39m
2025-11-13 15:00:43 [31merror[39m: [31mErreur de validation[39m
2025-11-13 15:02:25 [31merror[39m: [31mErreur de validation[39m
2025-11-13 15:26:46 [31merror[39m: [31mRoute non trouvee: /api/v1/chat/voice/end-session[39m
2025-11-13 15:27:12 [31merror[39m: [31mRoute non trouvee: /api/v1/chat/voice/start[39m
2025-11-13 15:28:35 [31merror[39m: [31mType de fichier non autorisé[39m
2025-11-13 15:29:17 [31merror[39m: [31mRoute non trouvee: /api/v1/chat/sessions/voice[39m
2025-11-13 15:39:38 [31merror[39m: [31mCannot set properties of undefined (setting 'session_ml_id')[39m
2025-11-13 15:39:52 [31merror[39m: [31mCannot set properties of undefined (setting 'session_ml_id')[39m
2025-11-13 15:40:02 [31merror[39m: [31mCannot set properties of undefined (setting 'session_ml_id')[39m
2025-11-13 15:40:17 [31merror[39m: [31mCannot set properties of undefined (setting 'session_ml_id')[39m
2025-11-13 15:40:22 [31merror[39m: [31mCannot set properties of undefined (setting 'session_ml_id')[39m
2025-11-13 15:40:57 [31merror[39m: [31mCannot set properties of undefined (setting 'session_ml_id')[39m
2025-11-13 15:41:35 [31merror[39m: [31mCannot read properties of undefined (reading 'session_ml_id')[39m
2025-11-13 15:42:27 [31merror[39m: [31mSession introuvable[39m
2025-11-13 15:42:34 [31merror[39m: [31mSession introuvable[39m
2025-11-13 15:42:45 [31merror[39m: [31mSession introuvable[39m
2025-11-13 15:42:52 [31merror[39m: [31mSession introuvable[39m
2025-11-13 16:23:56 [31merror[39m: [31mRoute non trouvee: /api/v1/chat/sessions/6915f76e7b162718d3be18cc/timeline[39m
2025-11-13 17:16:32 [31merror[39m: [31mRequest failed with status code 400[39m
2025-11-13 17:20:03 [31merror[39m: [31mSession introuvable[39m
2025-11-13 17:20:07 [31merror[39m: [31mSession introuvable[39m
2025-11-13 17:33:07 [31merror[39m: [31mRoute non trouvee: /api/v1/sessions/17/complete[39m
2025-11-13 17:33:23 [31merror[39m: [31mCannot set properties of undefined (setting 'session_ml_id')[39m
2025-11-13 18:03:13 [31merror[39m: [31mError[39m
2025-11-13 18:16:19 [31merror[39m: [31mError[39m
2025-11-13 18:37:05 [31merror[39m: [31mRequest failed with status code 400[39m

2025-11-14 20:01:01 [31merror[39m: [31mEmail ou mot de passe incorrect[39m
2025-11-14 20:01:07 [31merror[39m: [31mEmail ou mot de passe incorrect[39m
2025-11-14 20:01:21 [31merror[39m: [31mEmail ou mot de passe incorrect[39m
2025-11-14 20:01:30 [31merror[39m: [31mEmail ou mot de passe incorrect[39m
2025-11-14 20:04:17 [31merror[39m: [31mEmail ou mot de passe incorrect[39m
2025-11-14 20:04:23 [31merror[39m: [31mEmail ou mot de passe incorrect[39m
2025-11-14 22:40:49 [31merror[39m: [31mEmail ou mot de passe incorrect[39m
2025-11-14 23:21:25 [31merror[39m: [31mToken expiré[39m
2025-11-14 23:21:36 [31merror[39m: [31mToken expiré[39m
2025-11-14 23:33:22 [31merror[39m: [31mWebhook signature invalide: No signatures found matching the expected signature for payload. Are you passing the raw request body you received from Stripe? [39m
[31m If a webhook request is being forwarded by a third-party tool, ensure that the exact request body, including JSON formatting and new line style, is preserved.[39m

[31mLearn more about webhook signing and explore webhook integration examples for various frameworks at https://docs.stripe.com/webhooks/signature[39m
[31m[39m
2025-11-14 23:33:22 [31merror[39m: [31mWebhook signature invalide: No signatures found matching the expected signature for payload. Are you passing the raw request body you received from Stripe? [39m
[31m If a webhook request is being forwarded by a third-party tool, ensure that the exact request body, including JSON formatting and new line style, is preserved.[39m

[31mLearn more about webhook signing and explore webhook integration examples for various frameworks at https://docs.stripe.com/webhooks/signature[39m
[31m[39m
2025-11-14 23:33:22 [31merror[39m: [31mWebhook signature invalide: No signatures found matching the expected signature for payload. Are you passing the raw request body you received from Stripe? [39m
[31m If a webhook request is being forwarded by a third-party tool, ensure that the exact request body, including JSON formatting and new line style, is preserved.[39m

[31mLearn more about webhook signing and explore webhook integration examples for various frameworks at https://docs.stripe.com/webhooks/signature[39m
[31m[39m
2025-11-14 23:33:22 [31merror[39m: [31mWebhook signature invalide: No signatures found matching the expected signature for payload. Are you passing the raw request body you received from Stripe? [39m
[31m If a webhook request is being forwarded by a third-party tool, ensure that the exact request body, including JSON formatting and new line style, is preserved.[39m

[31mLearn more about webhook signing and explore webhook integration examples for various frameworks at https://docs.stripe.com/webhooks/signature[39m
[31m[39m
2025-11-14 23:33:22 [31merror[39m: [31mWebhook signature invalide: No signatures found matching the expected signature for payload. Are you passing the raw request body you received from Stripe? [39m
[31m If a webhook request is being forwarded by a third-party tool, ensure that the exact request body, including JSON formatting and new line style, is preserved.[39m

[31mLearn more about webhook signing and explore webhook integration examples for various frameworks at https://docs.stripe.com/webhooks/signature[39m
[31m[39m
2025-11-14 23:33:22 [31merror[39m: [31mWebhook signature invalide: No signatures found matching the expected signature for payload. Are you passing the raw request body you received from Stripe? [39m
[31m If a webhook request is being forwarded by a third-party tool, ensure that the exact request body, including JSON formatting and new line style, is preserved.[39m

[31mLearn more about webhook signing and explore webhook integration examples for various frameworks at https://docs.stripe.com/webhooks/signature[39m
[31m[39m
2025-11-14 23:33:22 [31merror[39m: [31mWebhook signature invalide: No signatures found matching the expected signature for payload. Are you passing the raw request body you received from Stripe? [39m
[31m If a webhook request is being forwarded by a third-party tool, ensure that the exact request body, including JSON formatting and new line style, is preserved.[39m

[31mLearn more about webhook signing and explore webhook integration examples for various frameworks at https://docs.stripe.com/webhooks/signature[39m
[31m[39m
2025-11-14 23:33:22 [31merror[39m: [31mWebhook signature invalide: No signatures found matching the expected signature for payload. Are you passing the raw request body you received from Stripe? [39m
[31m If a webhook request is being forwarded by a third-party tool, ensure that the exact request body, including JSON formatting and new line style, is preserved.[39m

[31mLearn more about webhook signing and explore webhook integration examples for various frameworks at https://docs.stripe.com/webhooks/signature[39m
[31m[39m
2025-11-14 23:33:22 [31merror[39m: [31mWebhook signature invalide: No signatures found matching the expected signature for payload. Are you passing the raw request body you received from Stripe? [39m
[31m If a webhook request is being forwarded by a third-party tool, ensure that the exact request body, including JSON formatting and new line style, is preserved.[39m

[31mLearn more about webhook signing and explore webhook integration examples for various frameworks at https://docs.stripe.com/webhooks/signature[39m
[31m[39m
2025-11-14 23:33:22 [31merror[39m: [31mWebhook signature invalide: No signatures found matching the expected signature for payload. Are you passing the raw request body you received from Stripe? [39m
[31m If a webhook request is being forwarded by a third-party tool, ensure that the exact request body, including JSON formatting and new line style, is preserved.[39m

[31mLearn more about webhook signing and explore webhook integration examples for various frameworks at https://docs.stripe.com/webhooks/signature[39m
[31m[39m
2025-11-14 23:33:22 [31merror[39m: [31mWebhook signature invalide: No signatures found matching the expected signature for payload. Are you passing the raw request body you received from Stripe? [39m
[31m If a webhook request is being forwarded by a third-party tool, ensure that the exact request body, including JSON formatting and new line style, is preserved.[39m

[31mLearn more about webhook signing and explore webhook integration examples for various frameworks at https://docs.stripe.com/webhooks/signature[39m
[31m[39m
2025-11-14 23:33:22 [31merror[39m: [31mWebhook signature invalide: No signatures found matching the expected signature for payload. Are you passing the raw request body you received from Stripe? [39m
[31m If a webhook request is being forwarded by a third-party tool, ensure that the exact request body, including JSON formatting and new line style, is preserved.[39m

[31mLearn more about webhook signing and explore webhook integration examples for various frameworks at https://docs.stripe.com/webhooks/signature[39m
[31m[39m
2025-11-14 23:34:18 [31merror[39m: [31mWebhook signature invalide: No signatures found matching the expected signature for payload. Are you passing the raw request body you received from Stripe? [39m
[31m If a webhook request is being forwarded by a third-party tool, ensure that the exact request body, including JSON formatting and new line style, is preserved.[39m

[31mLearn more about webhook signing and explore webhook integration examples for various frameworks at https://docs.stripe.com/webhooks/signature[39m
[31m[39m
2025-11-15 22:16:38 [31merror[39m: [31mWebhook signature invalide: No signatures found matching the expected signature for payload. Are you passing the raw request body you received from Stripe? [39m
[31m If a webhook request is being forwarded by a third-party tool, ensure that the exact request body, including JSON formatting and new line style, is preserved.[39m

[31mLearn more about webhook signing and explore webhook integration examples for various frameworks at https://docs.stripe.com/webhooks/signature[39m
[31m[39m
2025-11-15 22:16:38 [31merror[39m: [31mWebhook signature invalide: No signatures found matching the expected signature for payload. Are you passing the raw request body you received from Stripe? [39m
[31m If a webhook request is being forwarded by a third-party tool, ensure that the exact request body, including JSON formatting and new line style, is preserved.[39m

[31mLearn more about webhook signing and explore webhook integration examples for various frameworks at https://docs.stripe.com/webhooks/signature[39m
[31m[39m
2025-11-15 22:16:38 [31merror[39m: [31mWebhook signature invalide: No signatures found matching the expected signature for payload. Are you passing the raw request body you received from Stripe? [39m
[31m If a webhook request is being forwarded by a third-party tool, ensure that the exact request body, including JSON formatting and new line style, is preserved.[39m

[31mLearn more about webhook signing and explore webhook integration examples for various frameworks at https://docs.stripe.com/webhooks/signature[39m
[31m[39m
2025-11-15 22:16:38 [31merror[39m: [31mWebhook signature invalide: No signatures found matching the expected signature for payload. Are you passing the raw request body you received from Stripe? [39m
[31m If a webhook request is being forwarded by a third-party tool, ensure that the exact request body, including JSON formatting and new line style, is preserved.[39m

[31mLearn more about webhook signing and explore webhook integration examples for various frameworks at https://docs.stripe.com/webhooks/signature[39m
[31m[39m
2025-11-15 22:16:39 [31merror[39m: [31mWebhook signature invalide: No signatures found matching the expected signature for payload. Are you passing the raw request body you received from Stripe? [39m
[31m If a webhook request is being forwarded by a third-party tool, ensure that the exact request body, including JSON formatting and new line style, is preserved.[39m

[31mLearn more about webhook signing and explore webhook integration examples for various frameworks at https://docs.stripe.com/webhooks/signature[39m
[31m[39m
2025-11-15 22:16:39 [31merror[39m: [31mWebhook signature invalide: No signatures found matching the expected signature for payload. Are you passing the raw request body you received from Stripe? [39m
[31m If a webhook request is being forwarded by a third-party tool, ensure that the exact request body, including JSON formatting and new line style, is preserved.[39m

[31mLearn more about webhook signing and explore webhook integration examples for various frameworks at https://docs.stripe.com/webhooks/signature[39m
[31m[39m
2025-11-15 22:16:39 [31merror[39m: [31mWebhook signature invalide: No signatures found matching the expected signature for payload. Are you passing the raw request body you received from Stripe? [39m
[31m If a webhook request is being forwarded by a third-party tool, ensure that the exact request body, including JSON formatting and new line style, is preserved.[39m

[31mLearn more about webhook signing and explore webhook integration examples for various frameworks at https://docs.stripe.com/webhooks/signature[39m
[31m[39m
2025-11-15 22:16:39 [31merror[39m: [31mWebhook signature invalide: No signatures found matching the expected signature for payload. Are you passing the raw request body you received from Stripe? [39m
[31m If a webhook request is being forwarded by a third-party tool, ensure that the exact request body, including JSON formatting and new line style, is preserved.[39m

[31mLearn more about webhook signing and explore webhook integration examples for various frameworks at https://docs.stripe.com/webhooks/signature[39m
[31m[39m
2025-11-15 22:16:39 [31merror[39m: [31mWebhook signature invalide: No signatures found matching the expected signature for payload. Are you passing the raw request body you received from Stripe? [39m
[31m If a webhook request is being forwarded by a third-party tool, ensure that the exact request body, including JSON formatting and new line style, is preserved.[39m

[31mLearn more about webhook signing and explore webhook integration examples for various frameworks at https://docs.stripe.com/webhooks/signature[39m
[31m[39m
2025-11-15 22:16:39 [31merror[39m: [31mWebhook signature invalide: No signatures found matching the expected signature for payload. Are you passing the raw request body you received from Stripe? [39m
[31m If a webhook request is being forwarded by a third-party tool, ensure that the exact request body, including JSON formatting and new line style, is preserved.[39m

[31mLearn more about webhook signing and explore webhook integration examples for various frameworks at https://docs.stripe.com/webhooks/signature[39m
[31m[39m
2025-11-15 22:16:39 [31merror[39m: [31mWebhook signature invalide: No signatures found matching the expected signature for payload. Are you passing the raw request body you received from Stripe? [39m
[31m If a webhook request is being forwarded by a third-party tool, ensure that the exact request body, including JSON formatting and new line style, is preserved.[39m

[31mLearn more about webhook signing and explore webhook integration examples for various frameworks at https://docs.stripe.com/webhooks/signature[39m
[31m[39m
2025-11-15 22:16:40 [31merror[39m: [31mWebhook signature invalide: No signatures found matching the expected signature for payload. Are you passing the raw request body you received from Stripe? [39m
[31m If a webhook request is being forwarded by a third-party tool, ensure that the exact request body, including JSON formatting and new line style, is preserved.[39m

[31mLearn more about webhook signing and explore webhook integration examples for various frameworks at https://docs.stripe.com/webhooks/signature[39m
[31m[39m
2025-11-15 22:16:42 [31merror[39m: [31mWebhook signature invalide: No signatures found matching the expected signature for payload. Are you passing the raw request body you received from Stripe? [39m
[31m If a webhook request is being forwarded by a third-party tool, ensure that the exact request body, including JSON formatting and new line style, is preserved.[39m

[31mLearn more about webhook signing and explore webhook integration examples for various frameworks at https://docs.stripe.com/webhooks/signature[39m
[31m[39m
2025-11-15 22:17:16 [31merror[39m: [31mWebhook signature invalide: No signatures found matching the expected signature for payload. Are you passing the raw request body you received from Stripe? [39m
[31m If a webhook request is being forwarded by a third-party tool, ensure that the exact request body, including JSON formatting and new line style, is preserved.[39m

[31mLearn more about webhook signing and explore webhook integration examples for various frameworks at https://docs.stripe.com/webhooks/signature[39m
[31m[39m
2025-11-15 22:26:58 [31merror[39m: [31mWebhook signature invalide: No signatures found matching the expected signature for payload. Are you passing the raw request body you received from Stripe? [39m
[31m If a webhook request is being forwarded by a third-party tool, ensure that the exact request body, including JSON formatting and new line style, is preserved.[39m

[31mLearn more about webhook signing and explore webhook integration examples for various frameworks at https://docs.stripe.com/webhooks/signature[39m
[31m[39m
2025-11-15 22:26:58 [31merror[39m: [31mWebhook signature invalide: No signatures found matching the expected signature for payload. Are you passing the raw request body you received from Stripe? [39m
[31m If a webhook request is being forwarded by a third-party tool, ensure that the exact request body, including JSON formatting and new line style, is preserved.[39m

[31mLearn more about webhook signing and explore webhook integration examples for various frameworks at https://docs.stripe.com/webhooks/signature[39m
[31m[39m
2025-11-15 22:26:58 [31merror[39m: [31mWebhook signature invalide: No signatures found matching the expected signature for payload. Are you passing the raw request body you received from Stripe? [39m
[31m If a webhook request is being forwarded by a third-party tool, ensure that the exact request body, including JSON formatting and new line style, is preserved.[39m

[31mLearn more about webhook signing and explore webhook integration examples for various frameworks at https://docs.stripe.com/webhooks/signature[39m
[31m[39m
2025-11-15 22:26:58 [31merror[39m: [31mWebhook signature invalide: No signatures found matching the expected signature for payload. Are you passing the raw request body you received from Stripe? [39m
[31m If a webhook request is being forwarded by a third-party tool, ensure that the exact request body, including JSON formatting and new line style, is preserved.[39m

[31mLearn more about webhook signing and explore webhook integration examples for various frameworks at https://docs.stripe.com/webhooks/signature[39m
[31m[39m
2025-11-15 22:26:58 [31merror[39m: [31mWebhook signature invalide: No signatures found matching the expected signature for payload. Are you passing the raw request body you received from Stripe? [39m
[31m If a webhook request is being forwarded by a third-party tool, ensure that the exact request body, including JSON formatting and new line style, is preserved.[39m

[31mLearn more about webhook signing and explore webhook integration examples for various frameworks at https://docs.stripe.com/webhooks/signature[39m
[31m[39m
2025-11-15 22:26:58 [31merror[39m: [31mWebhook signature invalide: No signatures found matching the expected signature for payload. Are you passing the raw request body you received from Stripe? [39m
[31m If a webhook request is being forwarded by a third-party tool, ensure that the exact request body, including JSON formatting and new line style, is preserved.[39m

[31mLearn more about webhook signing and explore webhook integration examples for various frameworks at https://docs.stripe.com/webhooks/signature[39m
[31m[39m
2025-11-15 22:26:58 [31merror[39m: [31mWebhook signature invalide: No signatures found matching the expected signature for payload. Are you passing the raw request body you received from Stripe? [39m
[31m If a webhook request is being forwarded by a third-party tool, ensure that the exact request body, including JSON formatting and new line style, is preserved.[39m

[31mLearn more about webhook signing and explore webhook integration examples for various frameworks at https://docs.stripe.com/webhooks/signature[39m
[31m[39m
2025-11-15 22:26:58 [31merror[39m: [31mWebhook signature invalide: No signatures found matching the expected signature for payload. Are you passing the raw request body you received from Stripe? [39m
[31m If a webhook request is being forwarded by a third-party tool, ensure that the exact request body, including JSON formatting and new line style, is preserved.[39m

[31mLearn more about webhook signing and explore webhook integration examples for various frameworks at https://docs.stripe.com/webhooks/signature[39m
[31m[39m
2025-11-15 22:26:58 [31merror[39m: [31mWebhook signature invalide: No signatures found matching the expected signature for payload. Are you passing the raw request body you received from Stripe? [39m
[31m If a webhook request is being forwarded by a third-party tool, ensure that the exact request body, including JSON formatting and new line style, is preserved.[39m

[31mLearn more about webhook signing and explore webhook integration examples for various frameworks at https://docs.stripe.com/webhooks/signature[39m
[31m[39m
2025-11-15 22:26:58 [31merror[39m: [31mWebhook signature invalide: No signatures found matching the expected signature for payload. Are you passing the raw request body you received from Stripe? [39m
[31m If a webhook request is being forwarded by a third-party tool, ensure that the exact request body, including JSON formatting and new line style, is preserved.[39m

[31mLearn more about webhook signing and explore webhook integration examples for various frameworks at https://docs.stripe.com/webhooks/signature[39m
[31m[39m
2025-11-15 22:26:58 [31merror[39m: [31mWebhook signature invalide: No signatures found matching the expected signature for payload. Are you passing the raw request body you received from Stripe? [39m
[31m If a webhook request is being forwarded by a third-party tool, ensure that the exact request body, including JSON formatting and new line style, is preserved.[39m

[31mLearn more about webhook signing and explore webhook integration examples for various frameworks at https://docs.stripe.com/webhooks/signature[39m
[31m[39m
2025-11-15 22:26:58 [31merror[39m: [31mWebhook signature invalide: No signatures found matching the expected signature for payload. Are you passing the raw request body you received from Stripe? [39m
[31m If a webhook request is being forwarded by a third-party tool, ensure that the exact request body, including JSON formatting and new line style, is preserved.[39m

[31mLearn more about webhook signing and explore webhook integration examples for various frameworks at https://docs.stripe.com/webhooks/signature[39m
[31m[39m
2025-11-15 22:27:21 [31merror[39m: [31mWebhook signature invalide: No signatures found matching the expected signature for payload. Are you passing the raw request body you received from Stripe? [39m
[31m If a webhook request is being forwarded by a third-party tool, ensure that the exact request body, including JSON formatting and new line style, is preserved.[39m

[31mLearn more about webhook signing and explore webhook integration examples for various frameworks at https://docs.stripe.com/webhooks/signature[39m
[31m[39m
2025-11-15 22:55:56 [31merror[39m: [31mRoute non trouvee: /api/v1/billing/webhook[39m
2025-11-15 22:55:56 [31merror[39m: [31mRoute non trouvee: /api/v1/billing/webhook[39m
2025-11-15 22:55:56 [31merror[39m: [31mRoute non trouvee: /api/v1/billing/webhook[39m
2025-11-15 22:55:57 [31merror[39m: [31mRoute non trouvee: /api/v1/billing/webhook[39m
2025-11-15 22:55:57 [31merror[39m: [31mRoute non trouvee: /api/v1/billing/webhook[39m
2025-11-15 22:55:57 [31merror[39m: [31mRoute non trouvee: /api/v1/billing/webhook[39m
2025-11-15 22:55:57 [31merror[39m: [31mRoute non trouvee: /api/v1/billing/webhook[39m
2025-11-15 22:55:57 [31merror[39m: [31mRoute non trouvee: /api/v1/billing/webhook[39m
2025-11-15 22:55:57 [31merror[39m: [31mRoute non trouvee: /api/v1/billing/webhook[39m
2025-11-15 22:55:57 [31merror[39m: [31mRoute non trouvee: /api/v1/billing/webhook[39m
2025-11-15 22:55:57 [31merror[39m: [31mRoute non trouvee: /api/v1/billing/webhook[39m
2025-11-15 22:55:57 [31merror[39m: [31mRoute non trouvee: /api/v1/billing/webhook[39m
2025-11-15 22:56:54 [31merror[39m: [31mRoute non trouvee: /api/v1/billing/webhook[39m
2025-11-15 22:59:16 [31merror[39m: [31mWebhook signature invalide: No signatures found matching the expected signature for payload. Are you passing the raw request body you received from Stripe? [39m
[31m If a webhook request is being forwarded by a third-party tool, ensure that the exact request body, including JSON formatting and new line style, is preserved.[39m

[31mLearn more about webhook signing and explore webhook integration examples for various frameworks at https://docs.stripe.com/webhooks/signature[39m
[31m[39m
2025-11-15 22:59:16 [31merror[39m: [31mWebhook signature invalide: No signatures found matching the expected signature for payload. Are you passing the raw request body you received from Stripe? [39m
[31m If a webhook request is being forwarded by a third-party tool, ensure that the exact request body, including JSON formatting and new line style, is preserved.[39m

[31mLearn more about webhook signing and explore webhook integration examples for various frameworks at https://docs.stripe.com/webhooks/signature[39m
[31m[39m
2025-11-15 22:59:16 [31merror[39m: [31mWebhook signature invalide: No signatures found matching the expected signature for payload. Are you passing the raw request body you received from Stripe? [39m
[31m If a webhook request is being forwarded by a third-party tool, ensure that the exact request body, including JSON formatting and new line style, is preserved.[39m

[31mLearn more about webhook signing and explore webhook integration examples for various frameworks at https://docs.stripe.com/webhooks/signature[39m
[31m[39m
2025-11-15 22:59:17 [31merror[39m: [31mWebhook signature invalide: No signatures found matching the expected signature for payload. Are you passing the raw request body you received from Stripe? [39m
[31m If a webhook request is being forwarded by a third-party tool, ensure that the exact request body, including JSON formatting and new line style, is preserved.[39m

[31mLearn more about webhook signing and explore webhook integration examples for various frameworks at https://docs.stripe.com/webhooks/signature[39m
[31m[39m
2025-11-15 22:59:17 [31merror[39m: [31mWebhook signature invalide: No signatures found matching the expected signature for payload. Are you passing the raw request body you received from Stripe? [39m
[31m If a webhook request is being forwarded by a third-party tool, ensure that the exact request body, including JSON formatting and new line style, is preserved.[39m

[31mLearn more about webhook signing and explore webhook integration examples for various frameworks at https://docs.stripe.com/webhooks/signature[39m
[31m[39m
2025-11-15 22:59:17 [31merror[39m: [31mWebhook signature invalide: No signatures found matching the expected signature for payload. Are you passing the raw request body you received from Stripe? [39m
[31m If a webhook request is being forwarded by a third-party tool, ensure that the exact request body, including JSON formatting and new line style, is preserved.[39m

[31mLearn more about webhook signing and explore webhook integration examples for various frameworks at https://docs.stripe.com/webhooks/signature[39m
[31m[39m
2025-11-15 22:59:17 [31merror[39m: [31mWebhook signature invalide: No signatures found matching the expected signature for payload. Are you passing the raw request body you received from Stripe? [39m
[31m If a webhook request is being forwarded by a third-party tool, ensure that the exact request body, including JSON formatting and new line style, is preserved.[39m

[31mLearn more about webhook signing and explore webhook integration examples for various frameworks at https://docs.stripe.com/webhooks/signature[39m
[31m[39m
2025-11-15 22:59:17 [31merror[39m: [31mWebhook signature invalide: No signatures found matching the expected signature for payload. Are you passing the raw request body you received from Stripe? [39m
[31m If a webhook request is being forwarded by a third-party tool, ensure that the exact request body, including JSON formatting and new line style, is preserved.[39m

[31mLearn more about webhook signing and explore webhook integration examples for various frameworks at https://docs.stripe.com/webhooks/signature[39m
[31m[39m
2025-11-15 22:59:17 [31merror[39m: [31mWebhook signature invalide: No signatures found matching the expected signature for payload. Are you passing the raw request body you received from Stripe? [39m
[31m If a webhook request is being forwarded by a third-party tool, ensure that the exact request body, including JSON formatting and new line style, is preserved.[39m

[31mLearn more about webhook signing and explore webhook integration examples for various frameworks at https://docs.stripe.com/webhooks/signature[39m
[31m[39m
2025-11-15 22:59:17 [31merror[39m: [31mWebhook signature invalide: No signatures found matching the expected signature for payload. Are you passing the raw request body you received from Stripe? [39m
[31m If a webhook request is being forwarded by a third-party tool, ensure that the exact request body, including JSON formatting and new line style, is preserved.[39m

[31mLearn more about webhook signing and explore webhook integration examples for various frameworks at https://docs.stripe.com/webhooks/signature[39m
[31m[39m
2025-11-15 22:59:17 [31merror[39m: [31mWebhook signature invalide: No signatures found matching the expected signature for payload. Are you passing the raw request body you received from Stripe? [39m
[31m If a webhook request is being forwarded by a third-party tool, ensure that the exact request body, including JSON formatting and new line style, is preserved.[39m

[31mLearn more about webhook signing and explore webhook integration examples for various frameworks at https://docs.stripe.com/webhooks/signature[39m
[31m[39m
2025-11-15 22:59:17 [31merror[39m: [31mWebhook signature invalide: No signatures found matching the expected signature for payload. Are you passing the raw request body you received from Stripe? [39m
[31m If a webhook request is being forwarded by a third-party tool, ensure that the exact request body, including JSON formatting and new line style, is preserved.[39m

[31mLearn more about webhook signing and explore webhook integration examples for various frameworks at https://docs.stripe.com/webhooks/signature[39m
[31m[39m
2025-11-15 23:00:04 [31merror[39m: [31mWebhook signature invalide: No signatures found matching the expected signature for payload. Are you passing the raw request body you received from Stripe? [39m
[31m If a webhook request is being forwarded by a third-party tool, ensure that the exact request body, including JSON formatting and new line style, is preserved.[39m

[31mLearn more about webhook signing and explore webhook integration examples for various frameworks at https://docs.stripe.com/webhooks/signature[39m
[31m[39m
2025-11-15 23:13:54 [31merror[39m: [31mToken expiré[39m
2025-11-15 23:16:31 [31merror[39m: [31mToken invalide[39m
2025-11-15 23:16:42 [31merror[39m: [31mToken invalide[39m
2025-11-15 23:17:30 [31merror[39m: [31mToken invalide[39m
2025-11-15 23:18:17 [31merror[39m: [31mWebhook signature invalide: Timestamp outside the tolerance zone[39m
2025-11-15 23:18:17 [31merror[39m: [31mWebhook signature invalide: Timestamp outside the tolerance zone[39m
2025-11-15 23:18:17 [31merror[39m: [31mWebhook signature invalide: Timestamp outside the tolerance zone[39m
2025-11-15 23:18:17 [31merror[39m: [31mWebhook signature invalide: Timestamp outside the tolerance zone[39m
2025-11-15 23:18:17 [31merror[39m: [31mWebhook signature invalide: Timestamp outside the tolerance zone[39m
2025-11-15 23:18:17 [31merror[39m: [31mWebhook signature invalide: Timestamp outside the tolerance zone[39m
2025-11-15 23:18:17 [31merror[39m: [31mWebhook signature invalide: Timestamp outside the tolerance zone[39m
2025-11-15 23:18:17 [31merror[39m: [31mWebhook signature invalide: Timestamp outside the tolerance zone[39m
2025-11-15 23:18:18 [31merror[39m: [31mWebhook signature invalide: Timestamp outside the tolerance zone[39m
2025-11-15 23:18:18 [31merror[39m: [31mWebhook signature invalide: Timestamp outside the tolerance zone[39m
2025-11-15 23:18:18 [31merror[39m: [31mWebhook signature invalide: Timestamp outside the tolerance zone[39m
2025-11-15 23:18:18 [31merror[39m: [31mWebhook signature invalide: Timestamp outside the tolerance zone[39m
2025-11-15 23:18:27 [31merror[39m: [31mWebhook signature invalide: Timestamp outside the tolerance zone[39m
2025-11-15 22:21:57 [31merror[39m: [31m[STRIPE] Subscription sans current_period_end pour user azza@gmail.com[39m
2025-11-15 23:49:34 [31merror[39m: [31m[STRIPE] Subscription sans current_period_end pour user azza@gmail.com[39m
2025-11-16 00:08:43 [31merror[39m: [31mLe plan est requis, Plan invalide. Choix: monthly, quarterly, yearly[39m
2025-11-16 09:59:09 [31merror[39m: [31mRoute non trouvee: /api/v1billing/webhook[39m
2025-11-16 09:59:48 [31merror[39m: [31mRoute non trouvee: /api/v1billing/webhook[39m
2025-11-16 09:59:48 [31merror[39m: [31mRoute non trouvee: /api/v1billing/webhook[39m
2025-11-16 09:59:48 [31merror[39m: [31mRoute non trouvee: /api/v1billing/webhook[39m
2025-11-16 09:59:48 [31merror[39m: [31mRoute non trouvee: /api/v1billing/webhook[39m
2025-11-16 09:59:48 [31merror[39m: [31mRoute non trouvee: /api/v1billing/webhook[39m
2025-11-16 09:59:48 [31merror[39m: [31mRoute non trouvee: /api/v1billing/webhook[39m
2025-11-16 09:59:48 [31merror[39m: [31mRoute non trouvee: /api/v1billing/webhook[39m
2025-11-16 09:59:49 [31merror[39m: [31mRoute non trouvee: /api/v1billing/webhook[39m
2025-11-16 09:59:49 [31merror[39m: [31mRoute non trouvee: /api/v1billing/webhook[39m
2025-11-16 09:59:49 [31merror[39m: [31mRoute non trouvee: /api/v1billing/webhook[39m
2025-11-16 09:59:49 [31merror[39m: [31mRoute non trouvee: /api/v1billing/webhook[39m
2025-11-16 10:01:49 [31merror[39m: [31mStripe: Argument "subscription_exposed_id" must be a string, but got: null (on API request to `GET /v1/subscriptions/{subscription_exposed_id}`)[39m
2025-11-16 10:14:24 [31merror[39m: [31mToken expiré[39m
2025-11-16 10:14:34 [31merror[39m: [31mL'email est requis, Email invalide, Le mot de passe est requis[39m
2025-11-16 10:15:12 [31merror[39m: [31mAccès refusé. Token manquant[39m
2025-11-16 10:15:20 [31merror[39m: [31mAccès refusé. Token manquant[39m
2025-11-16 10:19:40 [31merror[39m: [31mUser validation failed: premiumExpiresAt: Cast to date failed for value "Invalid Date" (type Date) at path "premiumExpiresAt"[39m
2025-11-16 10:30:37 [31merror[39m: [31mToken expiré[39m
2025-11-16 10:46:07 [31merror[39m: [31mToken expiré[39m
2025-11-16 10:56:04 [31merror[39m: [31mser is not defined[39m
2025-11-16 10:56:38 [31merror[39m: [31mapiResponse.error is not a function[39m
2025-11-16 10:57:55 [31merror[39m: [31mapiResponse.error is not a function[39m
2025-11-16 11:24:49 [31merror[39m: [31mToken expiré[39m
2025-11-16 11:44:21 [31merror[39m: [31mToken expiré[39m
2025-11-16 12:06:46 [31merror[39m: [31mToken expiré[39m
2025-11-16 12:06:48 [31merror[39m: [31mToken expiré[39m
2025-11-16 12:06:59 [31merror[39m: [31mToken expiré[39m
2025-11-16 12:32:01 [31merror[39m: [31mToken expiré[39m
2025-11-16 12:39:19 [31merror[39m: [31mToken expiré[39m
2025-11-16 12:47:11 [31merror[39m: [31mRoute non trouvee: /api/v1/billing/checkout[39m
2025-11-16 12:47:11 [31merror[39m: [31mRoute non trouvee: /favicon.ico[39m
2025-11-18 22:41:57 [31merror[39m: [31mCet email est déjà utilisé[39m
2025-11-18 23:00:01 [31merror[39m: [31mRoute non trouvee: /api/v1/voice/sessions/voice[39m
2025-11-18 23:04:16 [31merror[39m: [31mRoute non trouvee: /api/v1/voice/sessions/voice[39m
2025-11-18 23:07:36 [31merror[39m: [31mRequest failed with status code 400[39m
2025-11-18 23:08:09 [31merror[39m: [31mRequest failed with status code 400[39m
2025-11-18 23:11:19 [31merror[39m: [31mRequest failed with status code 400[39m
2025-11-18 23:16:44 [31merror[39m: [31mToken expiré[39m
2025-11-18 23:17:43 [31merror[39m: [31mRequest failed with status code 400[39m
2025-11-18 23:33:19 [31merror[39m: [31mToken expiré[39m
2025-11-18 23:33:53 [31merror[39m: [31mRequest failed with status code 400[39m
2025-11-18 23:38:30 [31merror[39m: [31mRequest failed with status code 400[39m
2025-11-18 23:53:32 [31merror[39m: [31mToken expiré[39m
2025-11-18 23:54:09 [31merror[39m: [31mRequest failed with status code 500[39m

2025-11-19 14:34:10 [31merror[39m: [31mToken expiré[39m
2025-11-19 15:33:15 [31merror[39m: [31mRoute non trouvee: /api/v1/voice/sessions/691dd01305cdb98c8be2b8c5[39m
2025-11-19 15:33:22 [31merror[39m: [31mRoute non trouvee: /api/v1/voice/sessions/691cfa4c10dab5a408ca712c[39m
2025-11-19 15:34:41 [31merror[39m: [31mRequest failed with status code 400[39m
2025-11-19 15:35:52 [31merror[39m: [31mRequest failed with status code 400[39m
2025-11-19 15:36:25 [31merror[39m: [31mRequest failed with status code 400[39m
2025-11-19 15:36:31 [31merror[39m: [31mRequest failed with status code 400[39m
2025-11-19 16:13:06 [31merror[39m: [31mRequest failed with status code 400[39m
2025-11-19 16:23:35 [31merror[39m: [31mRoute non trouvee: /api/v1/voice/sessions/691de062d12dbecf921756dd[39m
2025-11-19 16:46:37 [31merror[39m: [31mEmail ou mot de passe incorrect[39m
2025-11-19 16:46:44 [31merror[39m: [31mEmail ou mot de passe incorrect[39m
2025-11-19 16:47:50 [31merror[39m: [31mEmail ou mot de passe incorrect[39m
2025-11-19 16:49:00 [31merror[39m: [31mLe mot de passe doit contenir au moins une majuscule, une minuscule et un chiffre[39m
2025-11-19 16:49:06 [31merror[39m: [31mLe mot de passe doit contenir au moins une majuscule, une minuscule et un chiffre[39m
2025-11-19 16:49:12 [31merror[39m: [31mLe mot de passe doit contenir au moins une majuscule, une minuscule et un chiffre[39m

2025-11-21 08:48:50 [31merror[39m: [31mRoute non trouvee: /api/v1/chat/sessions/voice[39m

2025-11-22 19:26:51 [31merror[39m: [31mLe mot de passe doit contenir au moins une majuscule, une minuscule et un chiffre[39m
2025-11-22 19:31:41 [31merror[39m: [31mAccès refusé. Token manquant[39m
2025-11-22 20:50:25 [31merror[39m: [31mToken expiré[39m
2025-11-22 20:50:25 [31merror[39m: [31mToken expiré[39m
2025-11-22 20:52:01 [31merror[39m: [31mVotre compte a été suspendu. Contactez l'administrateur.[39m
2025-11-22 20:52:09 [31merror[39m: [31mVotre compte a été suspendu. Contactez l'administrateur.[39m
2025-11-22 20:55:10 [31merror[39m: [31mVotre compte a été suspendu. Contactez l'administrateur.[39m
2025-11-22 21:17:52 [31merror[39m: [31mToken expiré[39m
2025-11-22 21:17:52 [31merror[39m: [31mToken expiré[39m
2025-11-22 21:33:26 [31merror[39m: [31mToken expiré[39m
2025-11-22 21:50:16 [31merror[39m: [31mToken expiré[39m
2025-11-22 21:50:16 [31merror[39m: [31mToken expiré[39m
2025-11-22 22:19:24 [31merror[39m: [31mToken expiré[39m
2025-11-22 22:19:24 [31merror[39m: [31mToken expiré[39m
2025-11-22 22:43:37 [31merror[39m: [31mToken expiré[39m
2025-11-22 23:15:19 [31merror[39m: [31mToken expiré[39m
2025-11-22 23:15:19 [31merror[39m: [31mToken expiré[39m
2025-11-22 23:31:48 [31merror[39m: [31mToken expiré[39m
2025-11-22 23:31:48 [31merror[39m: [31mToken expiré[39m
2025-11-22 23:53:35 [31merror[39m: [31mToken expiré[39m
2025-11-22 23:53:35 [31merror[39m: [31mToken expiré[39m
2025-11-23 09:46:44 [31merror[39m: [31mToken expiré[39m
2025-11-23 09:46:44 [31merror[39m: [31mToken expiré[39m
2025-11-23 09:53:57 [31merror[39m: [31mlocalStorage is not defined[39m
2025-11-23 09:53:57 [31merror[39m: [31mlocalStorage is not defined[39m
2025-11-23 10:16:49 [31merror[39m: [31mToken expiré[39m
2025-11-23 10:16:49 [31merror[39m: [31mlocalStorage is not defined[39m
2025-11-23 10:16:57 [31merror[39m: [31mlocalStorage is not defined[39m
2025-11-23 10:16:57 [31merror[39m: [31mlocalStorage is not defined[39m
2025-11-23 10:16:59 [31merror[39m: [31mlocalStorage is not defined[39m
2025-11-23 10:16:59 [31merror[39m: [31mlocalStorage is not defined[39m
2025-11-23 10:17:15 [31merror[39m: [31mlocalStorage is not defined[39m
2025-11-23 10:17:15 [31merror[39m: [31mlocalStorage is not defined[39m
2025-11-23 10:40:03 [31merror[39m: [31mToken expiré[39m
2025-11-23 10:40:03 [31merror[39m: [31mToken expiré[39m
2025-11-23 15:43:56 [31merror[39m: [31mRoute non trouvee: /api/v1/user/me[39m
2025-11-23 15:44:23 [31merror[39m: [31mRoute non trouvee: /api/v1/user/me[39m
2025-11-23 15:44:25 [31merror[39m: [31mPath collision at participants[39m
2025-11-23 15:44:51 [31merror[39m: [31mRoute non trouvee: /api/v1/user/me[39m
2025-11-23 15:45:06 [31merror[39m: [31mRoute non trouvee: /api/v1/user/me[39m
2025-11-23 15:48:38 [31merror[39m: [31mRoute non trouvee: /api/v1/user/me[39m
2025-11-23 16:09:14 [31merror[39m: [31mRoute non trouvee: /api/v1/user/me[39m
2025-11-23 16:10:12 [31merror[39m: [31mToken expiré[39m
2025-11-23 16:12:34 [31merror[39m: [31mRoute non trouvee: /api/v1/user/me[39m
2025-11-23 16:12:36 [31merror[39m: [31mToken expiré[39m
2025-11-23 16:47:06 [31merror[39m: [31mToken expiré[39m
2025-11-23 16:47:06 [31merror[39m: [31mToken expiré[39m
2025-11-23 17:12:37 [31merror[39m: [31mToken expiré[39m
2025-11-23 17:12:37 [31merror[39m: [31mToken expiré[39m
2025-11-23 17:16:38 [31merror[39m: [31mAccès refusé. Token manquant[39m
2025-11-23 17:23:24 [31merror[39m: [31mToken expiré[39m
